<?xml version="1.0" encoding="UTF-8"?>
<!-- Generated by org.testng.reporters.JUnitReportReporter -->
<testsuite hostname="AI-LP62" name="PostRequest_TC002" tests="1" failures="0" timestamp="31 Dec 2020 13:20:54 GMT" time="8.814" errors="0">
  <testcase name="registerCustomer" time="8.814" classname="PostRequest_TC002"/>
</testsuite> <!-- PostRequest_TC002 -->
