<?xml version="1.0" encoding="UTF-8"?>
<!-- Generated by org.testng.reporters.JUnitReportReporter -->
<testsuite hostname="AI-LP62" name="GetRequest_TC001" tests="1" failures="0" timestamp="28 Jan 2021 08:52:20 GMT" time="2.319" errors="0">
  <testcase name="getweatherDetails" time="2.319" classname="GetRequest_TC001"/>
</testsuite> <!-- GetRequest_TC001 -->
